<?xml version="1.0" encoding="UTF-8"?>
<testsuite xmlns:xsi="http://www.w3.org/2001/XMLSchema-instance" xsi:noNamespaceSchemaLocation="https://maven.apache.org/surefire/maven-surefire-plugin/xsd/surefire-test-report.xsd" name="runner.TestRunner" time="62.587" tests="4" errors="1" skipped="0" failures="0">
  <properties>
[...]
</properties>
  <testcase name="Add and Remove a Mac book from Cart" classname="Laptop &amp; NoteBooks" time="16.803"/>
  <testcase name="Product Comparison" classname="Laptop &amp; NoteBooks" time="12.246">
    <error message="stale element reference: element is not attached to the page document&#10;  (Session info: chrome=103.0.5060.134)&#10;For documentation on this error, please visit: https://www.seleniumhq.org/exceptions/stale_element_reference.html&#10;Build info: version: &apos;3.141.59&apos;, revision: &apos;e82be7d358&apos;, time: &apos;2018-11-14T08:17:03&apos;&#10;System info: host: &apos;DESKTOP-4QMC50K&apos;, ip: &apos;192.168.0.10&apos;, os.name: &apos;Windows 10&apos;, os.arch: &apos;amd64&apos;, os.version: &apos;10.0&apos;, java.version: &apos;1.8.0_321&apos;&#10;Driver info: org.openqa.selenium.chrome.ChromeDriver&#10;Capabilities {acceptInsecureCerts: false, browserName: chrome, browserVersion: 103.0.5060.134, chrome: {chromedriverVersion: 103.0.5060.134 (8ec6fce403b..., userDataDir: C:\Users\jalal\AppData\Loca...}, goog:chromeOptions: {debuggerAddress: localhost:58222}, javascriptEnabled: true, networkConnectionEnabled: false, pageLoadStrategy: normal, platform: WINDOWS, platformName: WINDOWS, proxy: Proxy(), setWindowRect: true, strictFileInteractability: false, timeouts: {implicit: 0, pageLoad: 300000, script: 30000}, unhandledPromptBehavior: dismiss and notify, webauthn:extension:credBlob: true, webauthn:extension:largeBlob: true, webauthn:virtualAuthenticators: true}&#10;Session ID: 58913c02b0590c6800a5badd56151247" type="org.openqa.selenium.StaleElementReferenceException">org.openqa.selenium.StaleElementReferenceException: 
stale element reference: element is not attached to the page document
  (Session info: chrome=103.0.5060.134)
For documentation on this error, please visit: https://www.seleniumhq.org/exceptions/stale_element_reference.html
Build info: version: '3.141.59', revision: 'e82be7d358', time: '2018-11-14T08:17:03'
System info: host: 'DESKTOP-4QMC50K', ip: '192.168.0.10', os.name: 'Windows 10', os.arch: 'amd64', os.version: '10.0', java.version: '1.8.0_321'
Driver info: org.openqa.selenium.chrome.ChromeDriver
Capabilities {acceptInsecureCerts: false, browserName: chrome, browserVersion: 103.0.5060.134, chrome: {chromedriverVersion: 103.0.5060.134 (8ec6fce403b..., userDataDir: C:\Users\jalal\AppData\Loca...}, goog:chromeOptions: {debuggerAddress: localhost:58222}, javascriptEnabled: true, networkConnectionEnabled: false, pageLoadStrategy: normal, platform: WINDOWS, platformName: WINDOWS, proxy: Proxy(), setWindowRect: true, strictFileInteractability: false, timeouts: {implicit: 0, pageLoad: 300000, script: 30000}, unhandledPromptBehavior: dismiss and notify, webauthn:extension:credBlob: true, webauthn:extension:largeBlob: true, webauthn:virtualAuthenticators: true}
Session ID: 58913c02b0590c6800a5badd56151247
</error>
    <system-out><![CDATA[
@smokeTest @LaptopAndNoteBooks
Scenario: Product Comparison                                                                       # features/LaptopNoteBooks.feature:16
 INFO [main] (Initializer.java:13)- Scenario Product Comparison started
 INFO [main] (RetialStepDefinition.java:22)- TEST ENVIRONMENT has been verified successfully
  Given User is on Retail website                                                                  # step.definition.RetialStepDefinition.User_is_on_Retail_website()
 INFO [main] (LaptopNoteBooksStepDefinition.java:16)- Laptop and NoteBook tab was clicked successfully
  When User click on Laptop &NoteBook tab                                                          # step.definition.LaptopNoteBooksStepDefinition.user_click_on_laptop_note_book_tab()
 INFO [main] (LaptopNoteBooksStepDefinition.java:21)- Show all Laptop and NoteBook tab was clicked successfully
  And User click on Show all Laptop &NoteBook option                                               # step.definition.LaptopNoteBooksStepDefinition.user_click_on_show_all_laptop_note_book_option()
 INFO [main] (LaptopNoteBooksStepDefinition.java:53)- MacBook clicked successfully
  And User click on product comparison icon on 'MacBook'                                           # step.definition.LaptopNoteBooksStepDefinition.user_click_on_product_comparison_icon_on(java.lang.String)
 INFO [main] (LaptopNoteBooksStepDefinition.java:53)- MacBook Air clicked successfully
  And User click on product comparison icon on 'MacBook Air'                                       # step.definition.LaptopNoteBooksStepDefinition.user_click_on_product_comparison_icon_on(java.lang.String)
  Then User should see a message 'Success: You have added MacBook Air to your product comparison!' # step.definition.RetialStepDefinition.user_should_see_a_message(java.lang.String)
      org.openqa.selenium.StaleElementReferenceException: stale element reference: element is not attached to the page document
  (Session info: chrome=103.0.5060.134)
For documentation on this error, please visit: https://www.seleniumhq.org/exceptions/stale_element_reference.html
Build info: version: '3.141.59', revision: 'e82be7d358', time: '2018-11-14T08:17:03'
System info: host: 'DESKTOP-4QMC50K', ip: '192.168.0.10', os.name: 'Windows 10', os.arch: 'amd64', os.version: '10.0', java.version: '1.8.0_321'
Driver info: org.openqa.selenium.chrome.ChromeDriver
Capabilities {acceptInsecureCerts: false, browserName: chrome, browserVersion: 103.0.5060.134, chrome: {chromedriverVersion: 103.0.5060.134 (8ec6fce403b..., userDataDir: C:\Users\jalal\AppData\Loca...}, goog:chromeOptions: {debuggerAddress: localhost:58222}, javascriptEnabled: true, networkConnectionEnabled: false, pageLoadStrategy: normal, platform: WINDOWS, platformName: WINDOWS, proxy: Proxy(), setWindowRect: true, strictFileInteractability: false, timeouts: {implicit: 0, pageLoad: 300000, script: 30000}, unhandledPromptBehavior: dismiss and notify, webauthn:extension:credBlob: true, webauthn:extension:largeBlob: true, webauthn:virtualAuthenticators: true}
Session ID: 58913c02b0590c6800a5badd56151247
	at sun.reflect.NativeConstructorAccessorImpl.newInstance0(Native Method)
	at sun.reflect.NativeConstructorAccessorImpl.newInstance(NativeConstructorAccessorImpl.java:62)
	at sun.reflect.DelegatingConstructorAccessorImpl.newInstance(DelegatingConstructorAccessorImpl.java:45)
	at java.lang.reflect.Constructor.newInstance(Constructor.java:423)
	at org.openqa.selenium.remote.http.W3CHttpResponseCodec.createException(W3CHttpResponseCodec.java:187)
	at org.openqa.selenium.remote.http.W3CHttpResponseCodec.decode(W3CHttpResponseCodec.java:122)
	at org.openqa.selenium.remote.http.W3CHttpResponseCodec.decode(W3CHttpResponseCodec.java:49)
	at org.openqa.selenium.remote.HttpCommandExecutor.execute(HttpCommandExecutor.java:158)
	at org.openqa.selenium.remote.service.DriverCommandExecutor.execute(DriverCommandExecutor.java:83)
	at org.openqa.selenium.remote.RemoteWebDriver.execute(RemoteWebDriver.java:552)
	at org.openqa.selenium.remote.RemoteWebElement.execute(RemoteWebElement.java:285)
	at org.openqa.selenium.remote.RemoteWebElement.getText(RemoteWebElement.java:166)
	at sun.reflect.NativeMethodAccessorImpl.invoke0(Native Method)
	at sun.reflect.NativeMethodAccessorImpl.invoke(NativeMethodAccessorImpl.java:62)
	at sun.reflect.DelegatingMethodAccessorImpl.invoke(DelegatingMethodAccessorImpl.java:43)
	at java.lang.reflect.Method.invoke(Method.java:498)
	at org.openqa.selenium.support.pagefactory.internal.LocatingElementHandler.invoke(LocatingElementHandler.java:51)
	at com.sun.proxy.$Proxy18.getText(Unknown Source)
	at page.Objects.RetailPageObject.getAccountHasBeenSuccessfullyUpdatedText(RetailPageObject.java:183)
	at step.definition.RetialStepDefinition.user_should_see_a_message(RetialStepDefinition.java:124)
	at âœ½.User should see a message 'Success: You have added MacBook Air to your product comparison!'(classpath:features/LaptopNoteBooks.feature:22)

  And User click on Product comparison link                                                        # step.definition.LaptopNoteBooksStepDefinition.user_click_on_product_comparison_link()
  Then User should see Product Comparison Chart                                                    # step.definition.LaptopNoteBooksStepDefinition.user_should_see_product_comparison_chart()
 INFO [main] (Initializer.java:24)- Scenario Product ComparisonFAILED
]]></system-out>
    <system-err><![CDATA[Starting ChromeDriver 103.0.5060.134 (8ec6fce403b3feb0869b0732eda8bd95011d333c-refs/branch-heads/5060@{#1262}) on port 31046
Only local connections are allowed.
Please see https://chromedriver.chromium.org/security-considerations for suggestions on keeping ChromeDriver safe.
ChromeDriver was started successfully.
Jul 30, 2022 9:01:06 PM org.openqa.selenium.remote.ProtocolHandshake createSession
INFO: Detected dialect: W3C
]]></system-err>
  </testcase>
  <testcase name="Adding an item to Wish list" classname="Laptop &amp; NoteBooks" time="10.976"/>
  <testcase name="Validate the price of MacBook Pro is 2000" classname="Laptop &amp; NoteBooks" time="15.973"/>
</testsuite>